[     145ms] [LOG] [Fast Refresh] rebuilding @ http://localhost:3000/_next/static/chunks/node_modules_next_dist_115brz8._.js:2431
[     155ms] [LOG] [Fast Refresh] done in 124ms @ http://localhost:3000/_next/static/chunks/node_modules_next_dist_115brz8._.js:2431
[     346ms] [INFO] %cDownload the React DevTools for a better development experience: https://react.dev/link/react-devtools font-weight:bold @ http://localhost:3000/_next/static/chunks/node_modules_next_dist_115brz8._.js:2431
[     404ms] [LOG] [HMR] connected @ http://localhost:3000/_next/static/chunks/node_modules_next_dist_115brz8._.js:2431
[     509ms] [ERROR] Encountered a script tag while rendering React component. Scripts inside React components are never executed when rendering on the client. Consider using template tag instead (https://developer.mozilla.org/en-US/docs/Web/HTML/Element/template). @ http://localhost:3000/_next/static/chunks/node_modules_next_dist_115brz8._.js:3272
[     599ms] Error: Hydration failed because the server rendered text didn't match the client. As a result this tree will be regenerated on the client. This can happen if a SSR-ed Client Component used:

- A server/client branch `if (typeof window !== 'undefined')`.
- Variable input such as `Date.now()` or `Math.random()` which changes each time it's called.
- Date formatting in a user's locale which doesn't match the server.
- External changing data without sending a snapshot of it along with the HTML.
- Invalid HTML tag nesting.

It can also happen if the client has a browser extension installed which messes with the HTML before React loaded.

https://react.dev/link/hydration-mismatch

  ...
    <LoadingBoundary name="login/" loading={null}>
      <HTTPAccessFallbackBoundary notFound={undefined} forbidden={undefined} unauthorized={undefined}>
        <RedirectBoundary>
          <RedirectErrorBoundary router={{...}}>
            <InnerLayoutRouter url="/auth/login" tree={[...]} params={{}} cacheNode={{rsc:{...}, ...}} ...>
              <SegmentViewNode type="page" pagePath="auth/login...">
                <SegmentTrieNode>
                <ClientPageRoot Component={function LoginPage} serverProvidedParams={{...}}>
                  <LoginPage params={Promise} searchParams={Promise}>
                    <div className="min-h-[cal..." style={{...}}>
                      <div className="w-full max...">
                        <div>
                        <div className="rounded-xl..." style={{...}}>
                          <div className="space-y-2">
                            <button>
                            <div className="grid grid-...">
                              <button
                                onClick={function onClick}
                                disabled={false}
                                className="flex items-center justify-center gap-2 transition-opacity disabled:opacity-50"
                                style={{
+                                 padding: "9px 12px"
+                                 borderRadius: "8px"
+                                 background: "#000000"
+                                 color: "#ffffff"
-                                 color: "rgb(255, 255, 255)"
+                                 border: "1px solid rgba(255,255,255,0.08)"
+                                 fontSize: "13px"
+                                 fontWeight: 510
-                                 padding-top: "9px"
-                                 padding-right: "12px"
-                                 padding-bottom: "9px"
-                                 padding-left: "12px"
-                                 border-top-left-radius: "8px"
-                                 border-top-right-radius: "8px"
-                                 border-bottom-right-radius: "8px"
-                                 border-bottom-left-radius: "8px"
-                                 background-image: "initial"
-                                 background-position-x: "initial"
-                                 background-position-y: "initial"
-                                 background-size: "initial"
-                                 background-repeat: "initial"
-                                 background-attachment: "initial"
-                                 background-origin: "initial"
-                                 background-clip: "initial"
-                                 background-color: "rgb(36, 41, 46)"
-                                 border-top-width: "1px"
-                                 border-right-width: "1px"
-                                 border-bottom-width: "1px"
-                                 border-left-width: "1px"
-                                 border-top-style: "solid"
-                                 border-right-style: "solid"
-                                 border-bottom-style: "solid"
-                                 border-left-style: "solid"
-                                 border-top-color: "rgba(255, 255, 255, 0.08)"
-                                 border-right-color: "rgba(255, 255, 255, 0.08)"
-                                 border-bottom-color: "rgba(255, 255, 255, 0.08)"
-                                 border-left-color: "rgba(255, 255, 255, 0.08)"
-                                 border-image-source: "initial"
-                                 border-image-slice: "initial"
-                                 border-image-width: "initial"
-                                 border-image-outset: "initial"
-                                 border-image-repeat: "initial"
-                                 font-size: "13px"
-                                 font-weight: "510"
                                }}
                              >
                                <svg width="18" height="18" viewBox="0 0 24 24" fill="white">
                                  <path
+                                   d="M17.05 20.28c-.98.95-2.05.8-3.08.35-1.09-.46-2.09-.48-3.24 0-1.44.62-2.2.44-3.0..."
-                                   d="M12 2C6.477 2 2 6.484 2 12.017c0 4.425 2.865 8.18 6.839 9.504.5.092.682-.217.68..."
                                  >
+                               Apple
-                               GitHub
                              ...
                          ...
                        ...
              ...
            ...

    at throwOnHydrationMismatch (http://localhost:3000/_next/static/chunks/node_modules_next_dist_compiled_react-dom_058-ah~._.js:3318:56)
    at completeWork (http://localhost:3000/_next/static/chunks/node_modules_next_dist_compiled_react-dom_058-ah~._.js:7021:36)
    at runWithFiberInDEV (http://localhost:3000/_next/static/chunks/node_modules_next_dist_compiled_react-dom_058-ah~._.js:965:74)
    at completeUnitOfWork (http://localhost:3000/_next/static/chunks/node_modules_next_dist_compiled_react-dom_058-ah~._.js:9622:23)
    at performUnitOfWork (http://localhost:3000/_next/static/chunks/node_modules_next_dist_compiled_react-dom_058-ah~._.js:9557:28)
    at workLoopConcurrentByScheduler (http://localhost:3000/_next/static/chunks/node_modules_next_dist_compiled_react-dom_058-ah~._.js:9551:58)
    at renderRootConcurrent (http://localhost:3000/_next/static/chunks/node_modules_next_dist_compiled_react-dom_058-ah~._.js:9534:71)
    at performWorkOnRoot (http://localhost:3000/_next/static/chunks/node_modules_next_dist_compiled_react-dom_058-ah~._.js:9061:150)
    at performWorkOnRootViaSchedulerTask (http://localhost:3000/_next/static/chunks/node_modules_next_dist_compiled_react-dom_058-ah~._.js:10255:9)
    at MessagePort.performWorkUntilDeadline (http://localhost:3000/_next/static/chunks/node_modules_next_dist_compiled_0rpq4pf._.js:2647:64)
[     623ms] [ERROR] Loading the script 'https://va.vercel-scripts.com/v1/script.debug.js' violates the following Content Security Policy directive: "script-src 'self' 'unsafe-inline' 'unsafe-eval'". Note that 'script-src-elem' was not explicitly set, so 'script-src' is used as a fallback. The action has been blocked. @ http://localhost:3000/_next/static/chunks/node_modules_0yswxot._.js:170
[     626ms] [ERROR] Loading the script 'https://va.vercel-scripts.com/v1/speed-insights/script.debug.js' violates the following Content Security Policy directive: "script-src 'self' 'unsafe-inline' 'unsafe-eval'". Note that 'script-src-elem' was not explicitly set, so 'script-src' is used as a fallback. The action has been blocked. @ http://localhost:3000/_next/static/chunks/node_modules_0yswxot._.js:432
[     735ms] [LOG] [Fast Refresh] rebuilding @ http://localhost:3000/_next/static/chunks/node_modules_next_dist_115brz8._.js:2431
[     827ms] [LOG] [Vercel Web Analytics] Failed to load script from https://va.vercel-scripts.com/v1/script.debug.js. Please check if any ad blockers are enabled and try again. @ http://localhost:3000/_next/static/chunks/node_modules_next_dist_115brz8._.js:2431
[     827ms] [LOG] [Vercel Speed Insights] Failed to load script from https://va.vercel-scripts.com/v1/speed-insights/script.debug.js. Please check if any content blockers are enabled and try again. @ http://localhost:3000/_next/static/chunks/node_modules_next_dist_115brz8._.js:2431
[     845ms] [LOG] [Fast Refresh] done in 234ms @ http://localhost:3000/_next/static/chunks/node_modules_next_dist_115brz8._.js:2431
[    4187ms] [LOG] [Fast Refresh] rebuilding @ http://localhost:3000/_next/static/chunks/node_modules_next_dist_115brz8._.js:2431
[    4266ms] [LOG] [Fast Refresh] done in 186ms @ http://localhost:3000/_next/static/chunks/node_modules_next_dist_115brz8._.js:2431
[   95447ms] [LOG] [Fast Refresh] rebuilding @ http://localhost:3000/_next/static/chunks/node_modules_next_dist_115brz8._.js:2431
[   95566ms] [WARNING] [Fast Refresh] performing full reload

Fast Refresh will perform a full reload when you edit a file that's imported by modules outside of the React rendering tree.
You might have a file which exports a React component but also exports a value that is imported by a non-React component file.
Consider migrating the non-React component export to a separate file and importing it into both files.

It is also possible the parent component of the component you edited is a class component, which disables Fast Refresh.
Fast Refresh requires at least one parent function component in your React tree. @ http://localhost:3000/_next/static/chunks/node_modules_next_dist_115brz8._.js:2431
[   95578ms] [LOG] [Fast Refresh] done in 229ms @ http://localhost:3000/_next/static/chunks/node_modules_next_dist_115brz8._.js:2431
[   95747ms] [LOG] [Fast Refresh] rebuilding @ http://localhost:3000/_next/static/chunks/node_modules_next_dist_115brz8._.js:2431
[   95810ms] [LOG] [Fast Refresh] done in 166ms @ http://localhost:3000/_next/static/chunks/node_modules_next_dist_115brz8._.js:2431
[   95930ms] [ERROR] %o

%s TypeError: ENABLED.has is not a function
    at _c (http://localhost:3000/_next/static/chunks/_0w~u8qw._.js?id=%255Bproject%255D%252Fapp%252Fauth%252Flogin%252Fpage.tsx+%255Bapp-client%255D+%2528ecmascript%2529:223:58)
    at Array.filter (<anonymous>)
    at module evaluation (http://localhost:3000/_next/static/chunks/_0w~u8qw._.js?id=%255Bproject%255D%252Fapp%252Fauth%252Flogin%252Fpage.tsx+%255Bapp-client%255D+%2528ecmascript%2529:223:33)
    at http://localhost:3000/_next/static/chunks/turbopack-_0p44nws._.js:1307:27
    at runModuleExecutionHooks (http://localhost:3000/_next/static/chunks/turbopack-_0p44nws._.js:1636:13)
    at instantiateModuleShared (http://localhost:3000/_next/static/chunks/turbopack-_0p44nws._.js:1305:9)
    at instantiateModule (http://localhost:3000/_next/static/chunks/turbopack-_0p44nws._.js:1621:12)
    at applyPhase (http://localhost:3000/_next/static/chunks/turbopack-_0p44nws._.js:1479:13)
    at applyInternal (http://localhost:3000/_next/static/chunks/turbopack-_0p44nws._.js:1513:5)
    at applyEcmascriptMergedUpdateShared (http://localhost:3000/_next/static/chunks/turbopack-_0p44nws._.js:1532:5)
    at applyEcmascriptMergedUpdate (http://localhost:3000/_next/static/chunks/turbopack-_0p44nws._.js:1768:5)
    at applyChunkListUpdate (http://localhost:3000/_next/static/chunks/turbopack-_0p44nws._.js:1733:21)
    at applyUpdate (http://localhost:3000/_next/static/chunks/turbopack-_0p44nws._.js:1722:13)
    at handleApply (http://localhost:3000/_next/static/chunks/turbopack-_0p44nws._.js:1785:17)
    at triggerUpdate (http://localhost:3000/_next/static/chunks/%5Bturbopack%5D_browser_dev_hmr-client_hmr-client_ts_0yjw1oe._.js:456:9)
    at applyAggregatedUpdates (http://localhost:3000/_next/static/chunks/%5Bturbopack%5D_browser_dev_hmr-client_hmr-client_ts_0yjw1oe._.js:98:9)
    at http://localhost:3000/_next/static/chunks/%5Bturbopack%5D_browser_dev_hmr-client_hmr-client_ts_0yjw1oe._.js:32:21
    at processTurbopackMessage (http://localhost:3000/_next/static/chunks/node_modules_next_dist_client_0fhqo1d._.js:13371:13)
    at processMessage (http://localhost:3000/_next/static/chunks/node_modules_next_dist_client_0fhqo1d._.js:13938:17)
    at WebSocket.handleMessage (http://localhost:3000/_next/static/chunks/node_modules_next_dist_client_0fhqo1d._.js:13335:52) The above error occurred in the <ClientPageRoot> component. It was handled by the <ErrorBoundaryHandler> error boundary. @ http://localhost:3000/_next/static/chunks/node_modules_next_dist_client_0fhqo1d._.js:1998
[   95964ms] [ERROR] [FreelanceHub error] TypeError: ENABLED.has is not a function
    at _c (http://localhost:3000/_next/static/chunks/_0w~u8qw._.js?id=%255Bproject%255D%252Fapp%252Fauth%252Flogin%252Fpage.tsx+%255Bapp-client%255D+%2528ecmascript%2529:223:58)
    at Array.filter (<anonymous>)
    at module evaluation (http://localhost:3000/_next/static/chunks/_0w~u8qw._.js?id=%255Bproject%255D%252Fapp%252Fauth%252Flogin%252Fpage.tsx+%255Bapp-client%255D+%2528ecmascript%2529:223:33)
    at http://localhost:3000/_next/static/chunks/turbopack-_0p44nws._.js:1307:27
    at runModuleExecutionHooks (http://localhost:3000/_next/static/chunks/turbopack-_0p44nws._.js:1636:13)
    at instantiateModuleShared (http://localhost:3000/_next/static/chunks/turbopack-_0p44nws._.js:1305:9)
    at instantiateModule (http://localhost:3000/_next/static/chunks/turbopack-_0p44nws._.js:1621:12)
    at applyPhase (http://localhost:3000/_next/static/chunks/turbopack-_0p44nws._.js:1479:13)
    at applyInternal (http://localhost:3000/_next/static/chunks/turbopack-_0p44nws._.js:1513:5)
    at applyEcmascriptMergedUpdateShared (http://localhost:3000/_next/static/chunks/turbopack-_0p44nws._.js:1532:5)
    at applyEcmascriptMergedUpdate (http://localhost:3000/_next/static/chunks/turbopack-_0p44nws._.js:1768:5)
    at applyChunkListUpdate (http://localhost:3000/_next/static/chunks/turbopack-_0p44nws._.js:1733:21)
    at applyUpdate (http://localhost:3000/_next/static/chunks/turbopack-_0p44nws._.js:1722:13)
    at handleApply (http://localhost:3000/_next/static/chunks/turbopack-_0p44nws._.js:1785:17)
    at triggerUpdate (http://localhost:3000/_next/static/chunks/%5Bturbopack%5D_browser_dev_hmr-client_hmr-client_ts_0yjw1oe._.js:456:9)
    at applyAggregatedUpdates (http://localhost:3000/_next/static/chunks/%5Bturbopack%5D_browser_dev_hmr-client_hmr-client_ts_0yjw1oe._.js:98:9)
    at http://localhost:3000/_next/static/chunks/%5Bturbopack%5D_browser_dev_hmr-client_hmr-client_ts_0yjw1oe._.js:32:21
    at processTurbopackMessage (http://localhost:3000/_next/static/chunks/node_modules_next_dist_client_0fhqo1d._.js:13371:13)
    at processMessage (http://localhost:3000/_next/static/chunks/node_modules_next_dist_client_0fhqo1d._.js:13938:17)
    at WebSocket.handleMessage (http://localhost:3000/_next/static/chunks/node_modules_next_dist_client_0fhqo1d._.js:13335:52) @ http://localhost:3000/_next/static/chunks/node_modules_next_dist_115brz8._.js:3272
[   95968ms] [LOG] [Fast Refresh] rebuilding @ http://localhost:3000/_next/static/chunks/node_modules_next_dist_115brz8._.js:2431
[   96015ms] [INFO] Banner not shown: beforeinstallpromptevent.preventDefault() called. The page must call beforeinstallpromptevent.prompt() to show the banner. @ http://localhost:3000/auth/login:0
[   96649ms] [LOG] [Fast Refresh] done in 824ms @ http://localhost:3000/_next/static/chunks/node_modules_next_dist_115brz8._.js:2431
[   96737ms] [ERROR] Failed to load resource: the server responded with a status of 500 (Internal Server Error) @ http://localhost:3000/auth/login:0
[   96870ms] [INFO] %cDownload the React DevTools for a better development experience: https://react.dev/link/react-devtools font-weight:bold @ http://localhost:3000/_next/static/chunks/node_modules_next_dist_115brz8._.js:2431
[   96911ms] [LOG] [HMR] connected @ http://localhost:3000/_next/static/chunks/node_modules_next_dist_115brz8._.js:2431
[   96947ms] [ERROR] Encountered a script tag while rendering React component. Scripts inside React components are never executed when rendering on the client. Consider using template tag instead (https://developer.mozilla.org/en-US/docs/Web/HTML/Element/template). @ http://localhost:3000/_next/static/chunks/node_modules_next_dist_115brz8._.js:3272
[   97093ms] [ERROR] Loading the script 'https://va.vercel-scripts.com/v1/script.debug.js' violates the following Content Security Policy directive: "script-src 'self' 'unsafe-inline' 'unsafe-eval'". Note that 'script-src-elem' was not explicitly set, so 'script-src' is used as a fallback. The action has been blocked. @ http://localhost:3000/_next/static/chunks/node_modules_0yswxot._.js:170
[   97096ms] [ERROR] Loading the script 'https://va.vercel-scripts.com/v1/speed-insights/script.debug.js' violates the following Content Security Policy directive: "script-src 'self' 'unsafe-inline' 'unsafe-eval'". Note that 'script-src-elem' was not explicitly set, so 'script-src' is used as a fallback. The action has been blocked. @ http://localhost:3000/_next/static/chunks/node_modules_0yswxot._.js:432
[   97142ms] [LOG] [Vercel Web Analytics] Failed to load script from https://va.vercel-scripts.com/v1/script.debug.js. Please check if any ad blockers are enabled and try again. @ http://localhost:3000/_next/static/chunks/node_modules_next_dist_115brz8._.js:2431
[   97143ms] [LOG] [Vercel Speed Insights] Failed to load script from https://va.vercel-scripts.com/v1/speed-insights/script.debug.js. Please check if any content blockers are enabled and try again. @ http://localhost:3000/_next/static/chunks/node_modules_next_dist_115brz8._.js:2431
[   97287ms] [INFO] Banner not shown: beforeinstallpromptevent.preventDefault() called. The page must call beforeinstallpromptevent.prompt() to show the banner. @ http://localhost:3000/auth/login:0
[   97337ms] [LOG] [Fast Refresh] rebuilding @ http://localhost:3000/_next/static/chunks/node_modules_next_dist_115brz8._.js:2431
[   97965ms] [LOG] [Fast Refresh] done in 737ms @ http://localhost:3000/_next/static/chunks/node_modules_next_dist_115brz8._.js:2431
[  101121ms] [LOG] [Fast Refresh] rebuilding @ http://localhost:3000/_next/static/chunks/node_modules_next_dist_115brz8._.js:2431
[  101208ms] [LOG] [Fast Refresh] done in 185ms @ http://localhost:3000/_next/static/chunks/node_modules_next_dist_115brz8._.js:2431
[  101352ms] [LOG] [Fast Refresh] rebuilding @ http://localhost:3000/_next/static/chunks/node_modules_next_dist_115brz8._.js:2431
[  101393ms] [LOG] [Fast Refresh] done in 143ms @ http://localhost:3000/_next/static/chunks/node_modules_next_dist_115brz8._.js:2431
[  101500ms] [INFO] Banner not shown: beforeinstallpromptevent.preventDefault() called. The page must call beforeinstallpromptevent.prompt() to show the banner. @ http://localhost:3000/auth/login:0
[  106092ms] [LOG] [Fast Refresh] rebuilding @ http://localhost:3000/_next/static/chunks/node_modules_next_dist_115brz8._.js:2431
[  106093ms] [LOG] [Fast Refresh] done in 107ms @ http://localhost:3000/_next/static/chunks/node_modules_next_dist_115brz8._.js:2431
[  112981ms] [LOG] [Fast Refresh] rebuilding @ http://localhost:3000/_next/static/chunks/node_modules_next_dist_115brz8._.js:2431
[  113043ms] [LOG] [Fast Refresh] done in 174ms @ http://localhost:3000/_next/static/chunks/node_modules_next_dist_115brz8._.js:2431
