[     146ms] [LOG] [Fast Refresh] rebuilding @ http://localhost:3000/_next/static/chunks/node_modules_next_dist_115brz8._.js:2431
[     459ms] [LOG] [Fast Refresh] done in 424ms @ http://localhost:3000/_next/static/chunks/node_modules_next_dist_115brz8._.js:2431
[     493ms] [LOG] %c[Vercel Speed Insights]%c [vitals] color: rgb(120, 120, 120) color: inherit {speed: 3g, metrics: Array(3), scriptVersion: 0.1.3, sdkName: @vercel/speed-insights/next, sdkVersion: 2.0.0} /_vercel/speed-insights/vitals @ http://localhost:3000/_next/static/chunks/node_modules_next_dist_115brz8._.js:2431
[     495ms] [LOG] %c[Vercel Speed Insights]%c [vitals] color: rgb(120, 120, 120) color: inherit {speed: 3g, metrics: Array(1), scriptVersion: 0.1.3, sdkName: @vercel/speed-insights/next, sdkVersion: 2.0.0} /_vercel/speed-insights/vitals @ http://localhost:3000/_next/static/chunks/node_modules_next_dist_115brz8._.js:2431
[     692ms] [INFO] %cDownload the React DevTools for a better development experience: https://react.dev/link/react-devtools font-weight:bold @ http://localhost:3000/_next/static/chunks/node_modules_next_dist_115brz8._.js:2431
[     741ms] [LOG] [HMR] connected @ http://localhost:3000/_next/static/chunks/node_modules_next_dist_115brz8._.js:2431
[     861ms] [ERROR] Encountered a script tag while rendering React component. Scripts inside React components are never executed when rendering on the client. Consider using template tag instead (https://developer.mozilla.org/en-US/docs/Web/HTML/Element/template). @ http://localhost:3000/_next/static/chunks/node_modules_next_dist_115brz8._.js:3272
[     940ms] Error: Hydration failed because the server rendered HTML didn't match the client. As a result this tree will be regenerated on the client. This can happen if a SSR-ed Client Component used:

- A server/client branch `if (typeof window !== 'undefined')`.
- Variable input such as `Date.now()` or `Math.random()` which changes each time it's called.
- Date formatting in a user's locale which doesn't match the server.
- External changing data without sending a snapshot of it along with the HTML.
- Invalid HTML tag nesting.

It can also happen if the client has a browser extension installed which messes with the HTML before React loaded.

https://react.dev/link/hydration-mismatch

  ...
    <InnerScrollAndFocusHandlerOld focusAndScrollRef={{scrollRef:null, ...}} cacheNode={{rsc:{...}, ...}}>
      <ErrorBoundary errorComponent={undefined} errorStyles={undefined} errorScripts={undefined}>
        <LoadingBoundary name="login/" loading={null}>
          <HTTPAccessFallbackBoundary notFound={undefined} forbidden={undefined} unauthorized={undefined}>
            <RedirectBoundary>
              <RedirectErrorBoundary router={{...}}>
                <InnerLayoutRouter url="/auth/login" tree={[...]} params={{}} cacheNode={{rsc:{...}, ...}} ...>
                  <SegmentViewNode type="page" pagePath="auth/login...">
                    <SegmentTrieNode>
                    <ClientPageRoot Component={function LoginPage} serverProvidedParams={{...}}>
                      <LoginPage params={Promise} searchParams={Promise}>
                        <div className="min-h-[cal..." style={{...}}>
                          <div className="w-full max...">
                            <div className="text-cente...">
                              <div>
                              <h1
                                style={{
+                                 fontSize: "22px"
+                                 fontWeight: 510
+                                 letterSpacing: "-0.03em"
+                                 color: "var(--fh-t1)"
-                                 color: "var(--fh-t1)"
+                                 marginBottom: "8px"
+                                 fontFeatureSettings: "\"cv01\", \"ss03\""
-                                 font-size: "22px"
-                                 font-weight: "510"
-                                 letter-spacing: "-0.03em"
-                                 margin-bottom: "8px"
                                }}
                              >
+                               Sign In
                              ...
                            <div className="rounded-xl..." style={{...}}>
                              <div className="space-y-2">
                                <button
                                  onClick={function onClick}
                                  disabled={false}
                                  className="w-full flex items-center justify-center gap-2.5 transition-opacity disabl..."
                                  style={{
+                                   padding: "10px 16px"
+                                   borderRadius: "8px"
+                                   background: "#ffffff"
+                                   color: "#1f1f1f"
-                                   color: "rgb(31, 31, 31)"
+                                   border: "1px solid #dadce0"
+                                   fontSize: "14px"
+                                   fontWeight: 510
+                                   letterSpacing: "-0.01em"
-                                   padding-top: "10px"
-                                   padding-right: "16px"
-                                   padding-bottom: "10px"
-                                   padding-left: "16px"
-                                   border-top-left-radius: "8px"
-                                   border-top-right-radius: "8px"
-                                   border-bottom-right-radius: "8px"
-                                   border-bottom-left-radius: "8px"
-                                   background-image: "initial"
-                                   background-position-x: "initial"
-                                   background-position-y: "initial"
-                                   background-size: "initial"
-                                   background-repeat: "initial"
-                                   background-attachment: "initial"
-                                   background-origin: "initial"
-                                   background-clip: "initial"
-                                   background-color: "rgb(255, 255, 255)"
-                                   border-top-width: "1px"
-                                   border-right-width: "1px"
-                                   border-bottom-width: "1px"
-                                   border-left-width: "1px"
-                                   border-top-style: "solid"
-                                   border-right-style: "solid"
-                                   border-bottom-style: "solid"
-                                   border-left-style: "solid"
-                                   border-top-color: "rgb(218, 220, 224)"
-                                   border-right-color: "rgb(218, 220, 224)"
-                                   border-bottom-color: "rgb(218, 220, 224)"
-                                   border-left-color: "rgb(218, 220, 224)"
-                                   border-image-source: "initial"
-                                   border-image-slice: "initial"
-                                   border-image-width: "initial"
-                                   border-image-outset: "initial"
-                                   border-image-repeat: "initial"
-                                   font-size: "14px"
-                                   font-weight: "510"
                                  }}
                                >
                                <div className="grid grid-...">
                                  <button onClick={function onClick} disabled={false} className="flex items..." ...>
                                    <svg
+                                     width="18"
-                                     width="17"
+                                     height="18"
-                                     height="17"
                                      viewBox="0 0 24 24"
+                                     fill="white"
-                                     fill="currentColor"
                                    >
                                    ...
-                                 <button
-                                   className="flex items-center justify-center gap-2 transition-opacity disabled:opac..."
-                                   style={{padding-top:"9px",padding-right:"12px",padding-bottom:"9px",padding-left:"12px", ...}}
-                                 >
                              ...
                            ...
                  ...
                ...
      ...

    at throwOnHydrationMismatch (http://localhost:3000/_next/static/chunks/node_modules_next_dist_compiled_react-dom_058-ah~._.js:3318:56)
    at popHydrationState (http://localhost:3000/_next/static/chunks/node_modules_next_dist_compiled_react-dom_058-ah~._.js:3403:13)
    at completeWork (http://localhost:3000/_next/static/chunks/node_modules_next_dist_compiled_react-dom_058-ah~._.js:6922:25)
    at runWithFiberInDEV (http://localhost:3000/_next/static/chunks/node_modules_next_dist_compiled_react-dom_058-ah~._.js:965:74)
    at completeUnitOfWork (http://localhost:3000/_next/static/chunks/node_modules_next_dist_compiled_react-dom_058-ah~._.js:9622:23)
    at performUnitOfWork (http://localhost:3000/_next/static/chunks/node_modules_next_dist_compiled_react-dom_058-ah~._.js:9557:28)
    at workLoopConcurrentByScheduler (http://localhost:3000/_next/static/chunks/node_modules_next_dist_compiled_react-dom_058-ah~._.js:9551:58)
    at renderRootConcurrent (http://localhost:3000/_next/static/chunks/node_modules_next_dist_compiled_react-dom_058-ah~._.js:9534:71)
    at performWorkOnRoot (http://localhost:3000/_next/static/chunks/node_modules_next_dist_compiled_react-dom_058-ah~._.js:9061:150)
    at performWorkOnRootViaSchedulerTask (http://localhost:3000/_next/static/chunks/node_modules_next_dist_compiled_react-dom_058-ah~._.js:10255:9)
    at MessagePort.performWorkUntilDeadline (http://localhost:3000/_next/static/chunks/node_modules_next_dist_compiled_0rpq4pf._.js:2647:64)
[     980ms] [LOG] [Fast Refresh] rebuilding @ http://localhost:3000/_next/static/chunks/node_modules_next_dist_115brz8._.js:2431
[    1140ms] [LOG] %c[Vercel Web Analytics]%c Debug mode is enabled by default in development. No requests will be sent to the server. color: rgb(120, 120, 120) color: inherit @ http://localhost:3000/_next/static/chunks/node_modules_next_dist_115brz8._.js:2431
[    1140ms] [LOG] %c[Vercel Web Analytics]%c Running queued event color: rgb(120, 120, 120) color: inherit pageview {route: /auth/login, path: /auth/login} @ http://localhost:3000/_next/static/chunks/node_modules_next_dist_115brz8._.js:2431
[    1141ms] [LOG] %c[Vercel Web Analytics]%c [view] http://localhost:3000/auth/login color: rgb(120, 120, 120) color: inherit {o: http://localhost:3000/auth/login, sv: 0.1.3, sdkn: @vercel/analytics/next, sdkv: 2.0.1, ts: 1776290168933} /_vercel/insights/view @ http://localhost:3000/_next/static/chunks/node_modules_next_dist_115brz8._.js:2431
[    1142ms] [LOG] %c[Vercel Speed Insights]%c Debug mode is enabled by default in development. No requests will be sent to the server. color: rgb(120, 120, 120) color: inherit @ http://localhost:3000/_next/static/chunks/node_modules_next_dist_115brz8._.js:2431
[    1198ms] [LOG] [Fast Refresh] done in 349ms @ http://localhost:3000/_next/static/chunks/node_modules_next_dist_115brz8._.js:2431
[    4223ms] [LOG] [Fast Refresh] rebuilding @ http://localhost:3000/_next/static/chunks/node_modules_next_dist_115brz8._.js:2431
[    4284ms] [LOG] [Fast Refresh] done in 174ms @ http://localhost:3000/_next/static/chunks/node_modules_next_dist_115brz8._.js:2431
